<?xml version="1.0" encoding="UTF-8"?>
<!-- Generated by org.testng.reporters.JUnitXMLReporter -->
<testsuite ignored="3" hostname="DESKTOP-55NR91J" failures="0" tests="3" name="GRP-A" time="0.089" errors="0" timestamp="2021-12-29T23:02:01 IST">
  <testcase classname="Practice.GroupTest__demo" name="Test1" time="0.006"/>
  <testcase classname="Practice.GroupTest__demo" name="Test3" time="0.003"/>
  <testcase classname="Practice.BeforeGroups__demo" name="Test2" time="0.001"/>
  <testcase classname="Practice.BeforeGroups__demo" name="Test1" time="0.0">
    <ignored/>
  </testcase> <!-- Test1 -->
  <testcase classname="Practice.BeforeGroups__demo" name="Test3" time="0.0">
    <ignored/>
  </testcase> <!-- Test3 -->
  <testcase classname="Practice.GroupTest__demo" name="Test2" time="0.0">
    <ignored/>
  </testcase> <!-- Test2 -->
</testsuite> <!-- GRP-A -->
