<?xml version="1.0" encoding="UTF-8"?>
<testng-results ignored="0" total="2" passed="2" failed="0" skipped="0">
  <reporter-output>
  </reporter-output>
  <suite started-at="2022-01-15T16:25:11 IST" name="Default suite" finished-at="2022-01-15T16:25:11 IST" duration-ms="64">
    <groups>
    </groups>
    <test started-at="2022-01-15T16:25:11 IST" name="Default test" finished-at="2022-01-15T16:25:11 IST" duration-ms="64">
      <class name="Practice.DataProvider__demo">
        <test-method signature="Test2(java.lang.String,java.lang.String,java.lang.String)[pri:0, instance:Practice.DataProvider__demo@3ba9ad43]" started-at="2022-01-15T16:25:11 IST" name="Test2" data-provider="dataset2" finished-at="2022-01-15T16:25:11 IST" duration-ms="8" status="PASS">
          <params>
            <param index="0">
              <value>
                <![CDATA[username3]]>
              </value>
            </param>
            <param index="1">
              <value>
                <![CDATA[passwor3]]>
              </value>
            </param>
            <param index="2">
              <value>
                <![CDATA[test3]]>
              </value>
            </param>
          </params>
          <reporter-output>
          </reporter-output>
        </test-method> <!-- Test2 -->
        <test-method signature="Test2(java.lang.String,java.lang.String,java.lang.String)[pri:0, instance:Practice.DataProvider__demo@3ba9ad43]" started-at="2022-01-15T16:25:11 IST" name="Test2" data-provider="dataset2" finished-at="2022-01-15T16:25:11 IST" duration-ms="3" status="PASS">
          <params>
            <param index="0">
              <value>
                <![CDATA[username4]]>
              </value>
            </param>
            <param index="1">
              <value>
                <![CDATA[passwor4]]>
              </value>
            </param>
            <param index="2">
              <value>
                <![CDATA[test4]]>
              </value>
            </param>
          </params>
          <reporter-output>
          </reporter-output>
        </test-method> <!-- Test2 -->
      </class> <!-- Practice.DataProvider__demo -->
    </test> <!-- Default test -->
  </suite> <!-- Default suite -->
</testng-results>
